<?xml version="1.0" encoding="UTF-8"?>
<!-- Generated by org.testng.reporters.JUnitReportReporter -->
<testsuite hostname="DESKTOP-2VFCG7I" failures="0" tests="1" name="Maven_Assignments.Assignments.TestCase_1" time="34.819" errors="0" timestamp="2025-07-19T18:18:19 IST" skipped="0">
  <testcase classname="Maven_Assignments.Assignments.TestCase_1" name="LoginToAmazon" time="34.819"/>
</testsuite> <!-- Maven_Assignments.Assignments.TestCase_1 -->
